\BOOKMARK [0][]{Title.0}{M.Phil.\040Thesis:\040Video\040and\040Language\040Description\040Targeted\040Person\040Search}{}% 1
\BOOKMARK [0][]{chapter*.1}{Abstract}{}% 2
\BOOKMARK [0][]{chapter*.2}{Abstract\040in\040Chinese}{}% 3
\BOOKMARK [0][]{chapter*.3}{Acknowledgments}{}% 4
\BOOKMARK [0][]{chapter*.4}{Declaration}{}% 5
\BOOKMARK [0][]{chapter*.5}{Contents}{}% 6
\BOOKMARK [0][]{chapter*.6}{List\040of\040Figures}{}% 7
\BOOKMARK [0][]{chapter*.7}{List\040of\040Tables}{}% 8
\BOOKMARK [0][]{chapter.1}{1\040Introduction}{}% 9
\BOOKMARK [0][]{chapter.2}{2\040Deep\040Learning\040Basics}{}% 10
\BOOKMARK [1][]{section.2.1}{2.1\040Convolutional\040Neural\040Network}{chapter.2}% 11
\BOOKMARK [2][]{subsection.2.1.1}{2.1.1\040Convolutional\040Layer}{section.2.1}% 12
\BOOKMARK [2][]{subsection.2.1.2}{2.1.2\040Fully-Connected\040Layer}{section.2.1}% 13
\BOOKMARK [2][]{subsection.2.1.3}{2.1.3\040ReLU\040Layer\040and\040Softmax\040Layer}{section.2.1}% 14
\BOOKMARK [2][]{subsection.2.1.4}{2.1.4\040Pooling\040Layer}{section.2.1}% 15
\BOOKMARK [1][]{section.2.2}{2.2\040Recurrent\040Neural\040Network}{chapter.2}% 16
\BOOKMARK [2][]{subsection.2.2.1}{2.2.1\040Long\040Short-Term\040Memory}{section.2.2}% 17
\BOOKMARK [2][]{subsection.2.2.2}{2.2.2\040Gated\040Recurrent\040Unit}{section.2.2}% 18
\BOOKMARK [1][]{section.2.3}{2.3\040Deep\040Learning\040Applications}{chapter.2}% 19
\BOOKMARK [2][]{subsection.2.3.1}{2.3.1\040Image\040Classification}{section.2.3}% 20
\BOOKMARK [2][]{subsection.2.3.2}{2.3.2\040Object\040Detection}{section.2.3}% 21
\BOOKMARK [2][]{subsection.2.3.3}{2.3.3\040Generative\040Adversarial\040Networks}{section.2.3}% 22
\BOOKMARK [0][]{chapter.3}{3\040Person\040Search\040Background}{}% 23
\BOOKMARK [1][]{section.3.1}{3.1\040Person\040Search\040Categories}{chapter.3}% 24
\BOOKMARK [1][]{section.3.2}{3.2\040Person\040Search\040Methods}{chapter.3}% 25
\BOOKMARK [2][]{subsection.3.2.1}{3.2.1\040Identity\040Feature\040Learning}{section.3.2}% 26
\BOOKMARK [2][]{subsection.3.2.2}{3.2.2\040Feature\040Comparison}{section.3.2}% 27
\BOOKMARK [1][]{section.3.3}{3.3\040Datasets}{chapter.3}% 28
\BOOKMARK [1][]{section.3.4}{3.4\040Evaluation\040Metrics}{chapter.3}% 29
\BOOKMARK [0][]{chapter.4}{4\040Diversity\040Regularized\040Spatiotemporal\040Attention\040for\040Video-based\040Person\040Search}{}% 30
\BOOKMARK [1][]{section.4.1}{4.1\040Related\040Work}{chapter.4}% 31
\BOOKMARK [1][]{section.4.2}{4.2\040Method\040Overview}{chapter.4}% 32
\BOOKMARK [1][]{section.4.3}{4.3\040Restricted\040Random\040Sampling}{chapter.4}% 33
\BOOKMARK [1][]{section.4.4}{4.4\040Multiple\040Spatial\040Attention\040Models}{chapter.4}% 34
\BOOKMARK [2][]{subsection.4.4.1}{4.4.1\040Diversity\040Regularization}{section.4.4}% 35
\BOOKMARK [1][]{section.4.5}{4.5\040Temporal\040Attention}{chapter.4}% 36
\BOOKMARK [2][]{subsection.4.5.1}{4.5.1\040Re-Identification\040Loss}{section.4.5}% 37
\BOOKMARK [1][]{section.4.6}{4.6\040Experiments}{chapter.4}% 38
\BOOKMARK [2][]{subsection.4.6.1}{4.6.1\040Datasets}{section.4.6}% 39
\BOOKMARK [2][]{subsection.4.6.2}{4.6.2\040Implementation\040details\040and\040evaluation\040metrics}{section.4.6}% 40
\BOOKMARK [2][]{subsection.4.6.3}{4.6.3\040Component\040Analysis\040of\040the\040Proposed\040Model}{section.4.6}% 41
\BOOKMARK [2][]{subsection.4.6.4}{4.6.4\040Comparison\040with\040the\040State-of-the-art\040Methods}{section.4.6}% 42
\BOOKMARK [1][]{section.4.7}{4.7\040Conclusions}{chapter.4}% 43
\BOOKMARK [0][]{chapter.5}{5\040Person\040Search\040with\040Natural\040Language\040Description}{}% 44
\BOOKMARK [1][]{section.5.1}{5.1\040Related\040Work}{chapter.5}% 45
\BOOKMARK [1][]{section.5.2}{5.2\040Dataset\040and\040Method\040Overview}{chapter.5}% 46
\BOOKMARK [1][]{section.5.3}{5.3\040Benchmark\040for\040person\040search\040with\040natural\040language\040description}{chapter.5}% 47
\BOOKMARK [2][]{subsection.5.3.1}{5.3.1\040Dataset\040statistics}{section.5.3}% 48
\BOOKMARK [2][]{subsection.5.3.2}{5.3.2\040User\040study}{section.5.3}% 49
\BOOKMARK [1][]{section.5.4}{5.4\040GNA-RNN\040model\040for\040pedestrian\040search}{chapter.5}% 50
\BOOKMARK [2][]{subsection.5.4.1}{5.4.1\040Visual\040units}{section.5.4}% 51
\BOOKMARK [2][]{subsection.5.4.2}{5.4.2\040Attention\040over\040visual\040units}{section.5.4}% 52
\BOOKMARK [2][]{subsection.5.4.3}{5.4.3\040Word-level\040gates\040for\040visual\040units}{section.5.4}% 53
\BOOKMARK [2][]{subsection.5.4.4}{5.4.4\040Training\040scheme}{section.5.4}% 54
\BOOKMARK [1][]{section.5.5}{5.5\040Experiments}{chapter.5}% 55
\BOOKMARK [2][]{subsection.5.5.1}{5.5.1\040Dataset\040and\040evaluation\040metrics}{section.5.5}% 56
\BOOKMARK [2][]{subsection.5.5.2}{5.5.2\040Compared\040methods\040and\040baselines}{section.5.5}% 57
\BOOKMARK [2][]{subsection.5.5.3}{5.5.3\040Quantitative\040and\040qualitative\040results}{section.5.5}% 58
\BOOKMARK [1][]{section.5.6}{5.6\040Conclusions}{chapter.5}% 59
\BOOKMARK [0][]{chapter.6}{6\040From\040Natural\040Language\040based\040Person\040Search\040to\040Textual-Visual\040Matching}{}% 60
\BOOKMARK [1][]{section.6.1}{6.1\040Related\040Work}{chapter.6}% 61
\BOOKMARK [1][]{section.6.2}{6.2\040Method\040Overview}{chapter.6}% 62
\BOOKMARK [1][]{section.6.3}{6.3\040Stage-1\040CNN-LSTM\040with\040CMCE\040Loss}{chapter.6}% 63
\BOOKMARK [2][]{subsection.6.3.1}{6.3.1\040Cross-Modal\040Cross-Entropy\040Loss}{section.6.3}% 64
\BOOKMARK [1][]{section.6.4}{6.4\040Stage-2\040CNN-LSTM\040with\040Latent\040Co-attention}{chapter.6}% 65
\BOOKMARK [2][]{subsection.6.4.1}{6.4.1\040Encoder\040word-LSTM\040with\040spatial\040attention}{section.6.4}% 66
\BOOKMARK [2][]{subsection.6.4.2}{6.4.2\040Decoder\040LSTM\040with\040latent\040semantic\040attention}{section.6.4}% 67
\BOOKMARK [1][]{section.6.5}{6.5\040Experiments}{chapter.6}% 68
\BOOKMARK [2][]{subsection.6.5.1}{6.5.1\040Datasets\040and\040evaluation\040metrics}{section.6.5}% 69
\BOOKMARK [2][]{subsection.6.5.2}{6.5.2\040Implementation\040details}{section.6.5}% 70
\BOOKMARK [2][]{subsection.6.5.3}{6.5.3\040Results\040on\040CUHK-PEDES\040dataset}{section.6.5}% 71
\BOOKMARK [2][]{subsection.6.5.4}{6.5.4\040Ablation\040studies}{section.6.5}% 72
\BOOKMARK [2][]{subsection.6.5.5}{6.5.5\040Results\040on\040the\040CUB\040and\040Flower\040datasets}{section.6.5}% 73
\BOOKMARK [2][]{subsection.6.5.6}{6.5.6\040Qualitative\040results}{section.6.5}% 74
\BOOKMARK [1][]{section.6.6}{6.6\040Conclusion}{chapter.6}% 75
\BOOKMARK [0][]{chapter.7}{7\040Conclusions}{}% 76
\BOOKMARK [0][]{chapter.7}{Bibliography}{}% 77
